
[2018-01-15T08:14:06.121Z]: New connection
[2018-01-15T08:14:09.481Z]: Starting machine...
[2018-01-15T08:14:11.497Z]: Subprocess ID: 16762
[2018-01-15T08:14:11.499Z]: Machine started!
[2018-01-15T08:14:12.903Z]: New file: /home/rafcio/DT/tmp_files/Tepe2_130.mat
[2018-01-15T08:14:12.924Z]: New file: /home/rafcio/DT/tmp_files/Tepe2_130.mat
[2018-01-15T08:14:15.129Z]: Turning off the server, code: ReferenceError: addLogRog is not defined

[2018-01-15T08:16:36.269Z]: Setting up server
[2018-01-15T08:16:36.361Z]: Listening on *:8081
[2018-01-15T08:16:38.083Z]: Turning off the server, code: ReferenceError: addLogRog is not defined

[2018-01-15T08:17:26.263Z]: Setting up server
[2018-01-15T08:17:26.334Z]: Listening on *:8081
[2018-01-15T08:17:27.993Z]: New connection
[2018-01-15T08:17:28.103Z]: Turning off the server, code: ReferenceError: addLogRog is not defined

[2018-01-15T08:18:19.673Z]: Setting up server
[2018-01-15T08:18:19.730Z]: Listening on *:8081
[2018-01-15T08:18:21.464Z]: Turning off the server, code: SyntaxError: Unexpected end of JSON input

[2018-01-15T08:18:50.045Z]: Setting up server
[2018-01-15T08:18:50.098Z]: Listening on *:8081
[2018-01-15T08:18:52.990Z]: New connection
[2018-01-15T08:19:17.184Z]: Turning off the server, code: SIGINT

[2018-01-15T08:19:20.368Z]: Setting up server
[2018-01-15T08:19:20.417Z]: Listening on *:8081
[2018-01-15T08:19:22.988Z]: New connection
[2018-01-15T08:19:26.980Z]: Turning off the server, code: SIGINT

[2018-01-15T08:19:38.811Z]: Setting up server
[2018-01-15T08:19:38.892Z]: Listening on *:8081
[2018-01-15T08:19:43.988Z]: New connection
[2018-01-15T08:19:55.022Z]: Turning off the server, code: SIGINT

[2018-01-15T08:19:58.682Z]: Setting up server
[2018-01-15T08:19:58.773Z]: Listening on *:8081
[2018-01-15T08:20:00.020Z]: New connection
[2018-01-15T08:20:22.231Z]: Turning off the server, code: SIGINT

[2018-01-15T08:20:25.764Z]: Setting up server
[2018-01-15T08:20:25.800Z]: Listening on *:8081
[2018-01-15T08:20:27.991Z]: New connection
[2018-01-15T08:20:34.941Z]: New connection
[2018-01-15T08:20:45.312Z]: Starting machine...
[2018-01-15T08:20:47.340Z]: Subprocess ID: 17604
[2018-01-15T08:20:47.342Z]: Machine started!
[2018-01-15T08:20:48.714Z]: New file: /home/rafcio/DT/tmp_files/Tepe1_146.mat
[2018-01-15T08:20:48.733Z]: New file: /home/rafcio/DT/tmp_files/Tepe1_146.mat
[2018-01-15T08:20:50.787Z]: Turning off the server, code: ReferenceError: addLogRog is not defined

[2018-01-15T08:21:16.418Z]: Setting up server
[2018-01-15T08:21:16.487Z]: Listening on *:8081
[2018-01-15T08:21:18.665Z]: New connection
[2018-01-15T08:21:20.235Z]: New connection
[2018-01-15T08:21:22.441Z]: Starting machine...
[2018-01-15T08:21:24.472Z]: Subprocess ID: 17686
[2018-01-15T08:21:24.473Z]: Machine started!
[2018-01-15T08:21:25.772Z]: New file: /home/rafcio/DT/tmp_files/Tepe1_214.mat
[2018-01-15T08:21:25.798Z]: New file: /home/rafcio/DT/tmp_files/Tepe1_214.mat
[2018-01-15T08:21:27.881Z]: Real Class: 
[2018-01-15T08:22:08.221Z]: Setting up server
[2018-01-15T08:22:08.273Z]: Listening on *:8081
[2018-01-15T08:22:09.077Z]: New connection
[2018-01-15T08:22:11.817Z]: Starting machine...
[2018-01-15T08:22:13.848Z]: Subprocess ID: 17776
[2018-01-15T08:22:13.849Z]: Machine started!
[2018-01-15T08:22:15.168Z]: New file: /home/rafcio/DT/tmp_files/Ostre2_183.mat
[2018-01-15T08:22:16.919Z]: Real Class: OstrePredicted class: Ostre
[2018-01-15T08:22:20.173Z]: New file: /home/rafcio/DT/tmp_files/Tepe2_162.mat
[2018-01-15T08:22:21.781Z]: Real Class: OstrePredicted class: Ostre
[2018-01-15T08:22:25.175Z]: New file: /home/rafcio/DT/tmp_files/Tepe1_162.mat
[2018-01-15T08:22:26.826Z]: Real Class: OstrePredicted class: Ostre
[2018-01-15T08:22:30.182Z]: New file: /home/rafcio/DT/tmp_files/Ostre3_238.mat
[2018-01-15T08:22:31.888Z]: Real Class: OstrePredicted class: Ostre
[2018-01-15T08:22:35.188Z]: New file: /home/rafcio/DT/tmp_files/Tepe2_222.mat
[2018-01-15T08:22:35.517Z]: Killing subprocess: 17776
[2018-01-15T08:22:35.518Z]: Stopping machine...
[2018-01-15T08:22:37.256Z]: Real Class: OstrePredicted class: Ostre
[2018-01-15T08:22:37.521Z]: Subprocess killed
[2018-01-15T08:22:37.522Z]: Machine stopped!
[2018-01-15T08:23:16.632Z]: Starting machine...
[2018-01-15T08:23:18.643Z]: Subprocess ID: 17859
[2018-01-15T08:23:18.644Z]: Machine started!
[2018-01-15T08:23:20.040Z]: New file: /home/rafcio/DT/tmp_files/Ostre3_188.mat
[2018-01-15T08:23:21.716Z]: Real Class: OstrePredicted class: Ostre
[2018-01-15T08:23:25.047Z]: New file: /home/rafcio/DT/tmp_files/Ostre3_267.mat
[2018-01-15T08:23:26.702Z]: Real Class: OstrePredicted class: Ostre
[2018-01-15T08:23:30.051Z]: New file: /home/rafcio/DT/tmp_files/Tepe2_391.mat
[2018-01-15T08:23:31.699Z]: Real Class: OstrePredicted class: Ostre
[2018-01-15T08:23:35.058Z]: New file: /home/rafcio/DT/tmp_files/Tepe2_259.mat
[2018-01-15T08:23:36.789Z]: Real Class: OstrePredicted class: Ostre
[2018-01-15T08:23:40.063Z]: New file: /home/rafcio/DT/tmp_files/Ostre1_268.mat
[2018-01-15T08:23:41.722Z]: Real Class: OstrePredicted class: Ostre
[2018-01-15T08:23:45.072Z]: New file: /home/rafcio/DT/tmp_files/Tepe2_448.mat
[2018-01-15T08:23:46.732Z]: Real Class: OstrePredicted class: Ostre
[2018-01-15T08:23:50.076Z]: New file: /home/rafcio/DT/tmp_files/Tepe1_220.mat
[2018-01-15T08:23:51.694Z]: Real Class: OstrePredicted class: Ostre
[2018-01-15T08:23:53.190Z]: Killing subprocess: 17859
[2018-01-15T08:23:53.190Z]: Stopping machine...
[2018-01-15T08:23:55.191Z]: Subprocess killed
[2018-01-15T08:23:55.191Z]: Machine stopped!
[2018-01-15T08:24:23.728Z]: Turning off the server, code: SIGINT

[2018-01-15T08:24:29.111Z]: Setting up server
[2018-01-15T08:24:29.179Z]: Listening on *:8081
[2018-01-15T08:24:31.879Z]: New connection
[2018-01-15T08:24:39.008Z]: New connection
[2018-01-15T08:24:42.055Z]: Starting machine...
[2018-01-15T08:24:44.072Z]: Subprocess ID: 18052
[2018-01-15T08:24:44.073Z]: Machine started!
[2018-01-15T08:24:45.457Z]: New file: /home/rafcio/DT/tmp_files/Ostre1_241.mat
[2018-01-15T08:24:45.479Z]: New file: /home/rafcio/DT/tmp_files/Ostre1_241.mat
[2018-01-15T08:24:47.520Z]: Real Class: OstrePredicted class: Ostre
[2018-01-15T08:24:47.623Z]: Real Class: OstrePredicted class: Ostre
[2018-01-15T08:24:50.428Z]: New file: /home/rafcio/DT/tmp_files/Ostre2_206.mat
[2018-01-15T08:24:50.450Z]: New file: /home/rafcio/DT/tmp_files/Ostre2_206.mat
[2018-01-15T08:24:52.407Z]: Real Class: OstrePredicted class: Ostre
[2018-01-15T08:24:52.533Z]: Real Class: OstrePredicted class: Ostre
[2018-01-15T08:24:55.431Z]: New file: /home/rafcio/DT/tmp_files/Tepe2_310.mat
[2018-01-15T08:24:55.439Z]: New file: /home/rafcio/DT/tmp_files/Tepe2_310.mat
[2018-01-15T08:24:57.418Z]: Real Class: OstrePredicted class: Ostre
[2018-01-15T08:24:57.504Z]: Real Class: OstrePredicted class: Ostre
[2018-01-15T08:24:58.815Z]: Killing subprocess: 18052
[2018-01-15T08:24:58.816Z]: Stopping machine...
[2018-01-15T08:25:00.821Z]: Subprocess killed
[2018-01-15T08:25:00.822Z]: Machine stopped!
[2018-01-15T08:25:15.028Z]: Turning off the server, code: SIGINT

[2018-01-15T08:25:20.049Z]: Setting up server
[2018-01-15T08:25:20.105Z]: Listening on *:8081
[2018-01-15T08:25:21.920Z]: New connection
[2018-01-15T08:25:25.163Z]: Starting machine...
[2018-01-15T08:25:27.181Z]: Subprocess ID: 18177
[2018-01-15T08:25:27.185Z]: Machine started!
[2018-01-15T08:25:28.558Z]: New file: /home/rafcio/DT/tmp_files/Tepe1_102.mat
[2018-01-15T08:25:30.308Z]: Real Class: OstrePredicted class: Ostre
[2018-01-15T08:25:33.557Z]: New file: /home/rafcio/DT/tmp_files/Tepe3_208.mat
[2018-01-15T08:25:35.209Z]: Real Class: OstrePredicted class: Ostre
[2018-01-15T08:25:38.564Z]: New file: /home/rafcio/DT/tmp_files/Tepe2_478.mat
[2018-01-15T08:25:39.880Z]: Killing subprocess: 18177
[2018-01-15T08:25:39.881Z]: Stopping machine...
[2018-01-15T08:25:40.490Z]: Real Class: OstrePredicted class: Ostre
[2018-01-15T08:25:41.886Z]: Subprocess killed
[2018-01-15T08:25:41.887Z]: Machine stopped!
[2018-01-15T08:26:14.810Z]: Turning off the server, code: SIGINT

[2018-01-15T08:27:00.138Z]: Setting up server
[2018-01-15T08:27:00.220Z]: Listening on *:8081
[2018-01-15T08:27:03.612Z]: Turning off the server, code: SIGINT

[2018-01-15T08:27:44.399Z]: Setting up server
[2018-01-15T08:27:44.454Z]: Listening on *:8081
[2018-01-15T08:27:45.042Z]: New connection
[2018-01-15T08:27:46.441Z]: New connection
[2018-01-15T08:27:51.320Z]: Starting machine...
[2018-01-15T08:27:53.351Z]: Subprocess ID: 18410
[2018-01-15T08:27:53.353Z]: Machine started!
[2018-01-15T08:27:54.711Z]: New file: /home/rafcio/DT/tmp_files/Tepe2_381.mat
[2018-01-15T08:27:54.727Z]: New file: /home/rafcio/DT/tmp_files/Tepe2_381.mat
[2018-01-15T08:27:56.722Z]: Real Class: 0. Predicted class: 0
[2018-01-15T08:27:57.019Z]: Real Class: 0. Predicted class: 0
[2018-01-15T08:27:59.715Z]: New file: /home/rafcio/DT/tmp_files/Tepe2_223.mat
[2018-01-15T08:27:59.728Z]: New file: /home/rafcio/DT/tmp_files/Tepe2_223.mat
[2018-01-15T08:28:01.932Z]: Real Class: 0. Predicted class: 0
[2018-01-15T08:28:01.998Z]: Real Class: 0. Predicted class: 0
[2018-01-15T08:28:04.717Z]: New file: /home/rafcio/DT/tmp_files/Tepe2_335.mat
[2018-01-15T08:28:04.724Z]: New file: /home/rafcio/DT/tmp_files/Tepe2_335.mat
[2018-01-15T08:28:06.596Z]: Real Class: 0. Predicted class: 0
[2018-01-15T08:28:06.829Z]: Real Class: 0. Predicted class: 0
[2018-01-15T08:28:09.723Z]: New file: /home/rafcio/DT/tmp_files/Tepe3_180.mat
[2018-01-15T08:28:09.739Z]: New file: /home/rafcio/DT/tmp_files/Tepe3_180.mat
[2018-01-15T08:28:11.924Z]: Real Class: 0. Predicted class: 0
[2018-01-15T08:28:11.971Z]: Killing subprocess: 18410
[2018-01-15T08:28:11.972Z]: Stopping machine...
[2018-01-15T08:28:12.273Z]: Real Class: 0. Predicted class: 0
[2018-01-15T08:28:13.409Z]: Turning off the server, code: SIGINT

[2018-01-15T08:28:56.506Z]: Setting up server
[2018-01-15T08:28:56.555Z]: Listening on *:8081
[2018-01-15T08:29:01.796Z]: New connection
[2018-01-15T08:29:04.216Z]: Starting machine...
[2018-01-15T08:29:06.242Z]: Subprocess ID: 18569
[2018-01-15T08:29:06.243Z]: Machine started!
[2018-01-15T08:29:07.669Z]: New file: /home/rafcio/DT/tmp_files/Tepe2_397.mat
[2018-01-15T08:29:09.417Z]: Real Class: 0. Predicted class: 0
[2018-01-15T08:29:12.669Z]: New file: /home/rafcio/DT/tmp_files/Ostre2_246.mat
[2018-01-15T08:29:14.335Z]: Real Class: 0. Predicted class: 0
[2018-01-15T08:29:17.675Z]: New file: /home/rafcio/DT/tmp_files/Tepe2_33.mat
[2018-01-15T08:29:19.343Z]: Real Class: 0. Predicted class: 0
[2018-01-15T08:29:20.400Z]: Killing subprocess: 18569
[2018-01-15T08:29:20.401Z]: Stopping machine...
[2018-01-15T08:29:22.401Z]: Subprocess killed
[2018-01-15T08:29:22.403Z]: Machine stopped!
[2018-01-15T08:29:49.135Z]: Turning off the server, code: SIGINT

[2018-01-15T08:29:54.353Z]: Setting up server
[2018-01-15T08:29:54.407Z]: Listening on *:8081
[2018-01-15T08:29:58.161Z]: New connection
[2018-01-15T08:30:03.257Z]: New connection
[2018-01-15T08:30:05.853Z]: Starting machine...
[2018-01-15T08:30:07.876Z]: Subprocess ID: 18717
[2018-01-15T08:30:07.877Z]: Machine started!
[2018-01-15T08:30:09.222Z]: New file: /home/rafcio/DT/tmp_files/Tepe2_434.mat
[2018-01-15T08:30:09.239Z]: New file: /home/rafcio/DT/tmp_files/Tepe2_434.mat
[2018-01-15T08:30:14.229Z]: New file: /home/rafcio/DT/tmp_files/Ostre3_114.mat
[2018-01-15T08:30:14.257Z]: New file: /home/rafcio/DT/tmp_files/Ostre3_114.mat
[2018-01-15T08:30:19.238Z]: New file: /home/rafcio/DT/tmp_files/Tepe2_176.mat
[2018-01-15T08:30:19.245Z]: New file: /home/rafcio/DT/tmp_files/Tepe2_176.mat
[2018-01-15T08:30:22.465Z]: Killing subprocess: 18717
[2018-01-15T08:30:22.465Z]: Stopping machine...
[2018-01-15T08:30:24.467Z]: Subprocess killed
[2018-01-15T08:30:24.468Z]: Machine stopped!
[2018-01-15T08:31:20.021Z]: Turning off the server, code: SIGINT

[2018-01-15T08:31:25.007Z]: Setting up server
[2018-01-15T08:31:25.060Z]: Listening on *:8081
[2018-01-15T08:31:27.983Z]: New connection
[2018-01-15T08:31:28.300Z]: New connection
[2018-01-15T08:31:30.768Z]: Starting machine...
[2018-01-15T08:31:32.795Z]: Subprocess ID: 18843
[2018-01-15T08:31:32.815Z]: Machine started!
[2018-01-15T08:31:34.128Z]: New file: /home/rafcio/DT/tmp_files/Tepe2_27.mat
[2018-01-15T08:31:34.148Z]: New file: /home/rafcio/DT/tmp_files/Tepe2_27.mat
[2018-01-15T08:31:39.134Z]: New file: /home/rafcio/DT/tmp_files/Ostre1_173.mat
[2018-01-15T08:31:39.154Z]: New file: /home/rafcio/DT/tmp_files/Ostre1_173.mat
[2018-01-15T08:31:44.137Z]: New file: /home/rafcio/DT/tmp_files/Ostre1_187.mat
[2018-01-15T08:31:44.157Z]: New file: /home/rafcio/DT/tmp_files/Ostre1_187.mat
[2018-01-15T08:31:45.011Z]: Killing subprocess: 18843
[2018-01-15T08:31:45.011Z]: Stopping machine...
[2018-01-15T08:31:47.020Z]: Subprocess killed
[2018-01-15T08:31:47.020Z]: Machine stopped!
[2018-01-15T08:32:43.269Z]: Turning off the server, code: SIGINT

[2018-01-15T08:32:47.876Z]: Setting up server
[2018-01-15T08:32:47.953Z]: Listening on *:8081
[2018-01-15T08:32:49.697Z]: New connection
[2018-01-15T08:33:33.975Z]: Starting machine...
[2018-01-15T08:33:35.994Z]: Subprocess ID: 19083
[2018-01-15T08:33:35.995Z]: Machine started!
[2018-01-15T08:33:37.354Z]: New file: /home/rafcio/DT/tmp_files/Ostre3_130.mat
[2018-01-15T08:33:39.128Z]: Real Class: 0. Predicted class: 0
[2018-01-15T08:33:42.365Z]: New file: /home/rafcio/DT/tmp_files/Tepe1_107.mat
[2018-01-15T08:33:44.070Z]: Real Class: 0. Predicted class: 0
[2018-01-15T08:33:47.373Z]: New file: /home/rafcio/DT/tmp_files/Ostre1_209.mat
[2018-01-15T08:33:48.988Z]: Real Class: 0. Predicted class: 0
[2018-01-15T08:33:50.231Z]: Killing subprocess: 19083
[2018-01-15T08:33:50.231Z]: Stopping machine...
[2018-01-15T08:33:52.236Z]: Subprocess killed
[2018-01-15T08:33:52.237Z]: Machine stopped!
[2018-01-15T08:42:28.533Z]: Turning off the server, code: SIGINT
